[debug] [2026-01-10T07:59:46.561Z] ----------------------------------------------------------------------
[debug] [2026-01-10T07:59:46.563Z] Command:       C:\Program Files\nodejs\node.exe C:\Users\morer\AppData\Roaming\npm\node_modules\firebase-tools\lib\bin\firebase.js init
[debug] [2026-01-10T07:59:46.563Z] CLI Version:   15.2.1
[debug] [2026-01-10T07:59:46.563Z] Platform:      win32
[debug] [2026-01-10T07:59:46.563Z] Node Version:  v22.16.0
[debug] [2026-01-10T07:59:46.563Z] Time:          Sat Jan 10 2026 13:29:46 GMT+0530 (India Standard Time)
[debug] [2026-01-10T07:59:46.563Z] ----------------------------------------------------------------------
[debug] 
[info] 
     ######## #### ########  ######## ########     ###     ######  ########
     ##        ##  ##     ## ##       ##     ##  ##   ##  ##       ##
     ######    ##  ########  ######   ########  #########  ######  ######
     ##        ##  ##    ##  ##       ##     ## ##     ##       ## ##
     ##       #### ##     ## ######## ########  ##     ##  ######  ########

You're about to initialize a Firebase project in this directory:

  D:\DYP\jalrakshak_app

[info] 
=== Project Setup
[info] 
[info] First, let's associate this project directory with a Firebase project.
[info] You can create multiple project aliases by running firebase use --add, 
[info] 
[debug] [2026-01-10T08:01:01.456Z] > command requires scopes: ["email","openid","https://www.googleapis.com/auth/cloudplatformprojects.readonly","https://www.googleapis.com/auth/firebase","https://www.googleapis.com/auth/cloud-platform"]
[debug] [2026-01-10T08:01:01.456Z] > authorizing via signed-in user (moreraviraj7727@gmail.com)
[debug] [2026-01-10T08:01:01.457Z] Checked if tokens are valid: true, expires at: 1768035575550
[debug] [2026-01-10T08:01:01.458Z] Checked if tokens are valid: true, expires at: 1768035575550
[debug] [2026-01-10T08:01:01.458Z] >>> [apiv2][query] GET https://firebase.googleapis.com/v1beta1/projects pageSize=100
[debug] [2026-01-10T08:01:02.639Z] <<< [apiv2][status] GET https://firebase.googleapis.com/v1beta1/projects 200
[debug] [2026-01-10T08:01:02.639Z] <<< [apiv2][body] GET https://firebase.googleapis.com/v1beta1/projects [omitted]
[info] 
=== Dataconnect Setup
[info] i  dataconnect: ensuring required API firebasedataconnect.googleapis.com is enabled... 
[debug] [2026-01-10T08:01:06.386Z] Checked if tokens are valid: true, expires at: 1768035575550
[debug] [2026-01-10T08:01:06.386Z] Checked if tokens are valid: true, expires at: 1768035575550
[info] i  dataconnect: ensuring required API sqladmin.googleapis.com is enabled... 
[debug] [2026-01-10T08:01:06.386Z] Checked if tokens are valid: true, expires at: 1768035575550
[debug] [2026-01-10T08:01:06.387Z] Checked if tokens are valid: true, expires at: 1768035575550
[debug] [2026-01-10T08:01:06.387Z] >>> [apiv2][query] GET https://serviceusage.googleapis.com/v1/projects/jalsakti/services/firebasedataconnect.googleapis.com [none]
[debug] [2026-01-10T08:01:06.387Z] >>> [apiv2][(partial)header] GET https://serviceusage.googleapis.com/v1/projects/jalsakti/services/firebasedataconnect.googleapis.com x-goog-quota-user=projects/jalsakti
[debug] [2026-01-10T08:01:06.388Z] >>> [apiv2][query] GET https://serviceusage.googleapis.com/v1/projects/jalsakti/services/sqladmin.googleapis.com [none]
[debug] [2026-01-10T08:01:06.388Z] >>> [apiv2][(partial)header] GET https://serviceusage.googleapis.com/v1/projects/jalsakti/services/sqladmin.googleapis.com x-goog-quota-user=projects/jalsakti
[debug] [2026-01-10T08:01:08.472Z] <<< [apiv2][status] GET https://serviceusage.googleapis.com/v1/projects/jalsakti/services/sqladmin.googleapis.com 200
[debug] [2026-01-10T08:01:08.472Z] <<< [apiv2][body] GET https://serviceusage.googleapis.com/v1/projects/jalsakti/services/sqladmin.googleapis.com [omitted]
[warn] !  dataconnect: missing required API sqladmin.googleapis.com. Enabling now... 
[debug] [2026-01-10T08:01:08.473Z] Checked if tokens are valid: true, expires at: 1768035575550
[debug] [2026-01-10T08:01:08.473Z] Checked if tokens are valid: true, expires at: 1768035575550
[debug] [2026-01-10T08:01:08.473Z] >>> [apiv2][query] POST https://serviceusage.googleapis.com/v1/projects/jalsakti/services/sqladmin.googleapis.com:enable [none]
[debug] [2026-01-10T08:01:08.473Z] >>> [apiv2][(partial)header] POST https://serviceusage.googleapis.com/v1/projects/jalsakti/services/sqladmin.googleapis.com:enable x-goog-quota-user=projects/jalsakti
[debug] [2026-01-10T08:01:08.574Z] <<< [apiv2][status] GET https://serviceusage.googleapis.com/v1/projects/jalsakti/services/firebasedataconnect.googleapis.com 200
[debug] [2026-01-10T08:01:08.574Z] <<< [apiv2][body] GET https://serviceusage.googleapis.com/v1/projects/jalsakti/services/firebasedataconnect.googleapis.com [omitted]
[warn] !  dataconnect: missing required API firebasedataconnect.googleapis.com. Enabling now... 
[debug] [2026-01-10T08:01:08.575Z] Checked if tokens are valid: true, expires at: 1768035575550
[debug] [2026-01-10T08:01:08.575Z] Checked if tokens are valid: true, expires at: 1768035575550
[debug] [2026-01-10T08:01:08.575Z] >>> [apiv2][query] POST https://serviceusage.googleapis.com/v1/projects/jalsakti/services/firebasedataconnect.googleapis.com:enable [none]
[debug] [2026-01-10T08:01:08.575Z] >>> [apiv2][(partial)header] POST https://serviceusage.googleapis.com/v1/projects/jalsakti/services/firebasedataconnect.googleapis.com:enable x-goog-quota-user=projects/jalsakti
[debug] [2026-01-10T08:01:08.984Z] <<< [apiv2][status] POST https://serviceusage.googleapis.com/v1/projects/jalsakti/services/sqladmin.googleapis.com:enable 200
[debug] [2026-01-10T08:01:08.984Z] <<< [apiv2][body] POST https://serviceusage.googleapis.com/v1/projects/jalsakti/services/sqladmin.googleapis.com:enable [omitted]
[debug] [2026-01-10T08:01:09.084Z] <<< [apiv2][status] POST https://serviceusage.googleapis.com/v1/projects/jalsakti/services/firebasedataconnect.googleapis.com:enable 200
[debug] [2026-01-10T08:01:09.084Z] <<< [apiv2][body] POST https://serviceusage.googleapis.com/v1/projects/jalsakti/services/firebasedataconnect.googleapis.com:enable [omitted]
[debug] [2026-01-10T08:01:19.097Z] Checked if tokens are valid: true, expires at: 1768035575550
[debug] [2026-01-10T08:01:19.097Z] Checked if tokens are valid: true, expires at: 1768035575550
[debug] [2026-01-10T08:01:19.097Z] >>> [apiv2][query] GET https://firebasedataconnect.googleapis.com/v1/projects/jalsakti/locations/-/services [none]
[debug] [2026-01-10T08:01:21.990Z] <<< [apiv2][status] GET https://firebasedataconnect.googleapis.com/v1/projects/jalsakti/locations/-/services 200
[debug] [2026-01-10T08:01:21.990Z] <<< [apiv2][body] GET https://firebasedataconnect.googleapis.com/v1/projects/jalsakti/locations/-/services {}
[info] i  : ensuring required API cloudaicompanion.googleapis.com is enabled... 
[debug] [2026-01-10T08:02:25.378Z] Checked if tokens are valid: true, expires at: 1768035575550
[debug] [2026-01-10T08:02:25.379Z] Checked if tokens are valid: true, expires at: 1768035575550
[debug] [2026-01-10T08:02:25.379Z] >>> [apiv2][query] GET https://serviceusage.googleapis.com/v1/projects/jalsakti/services/cloudaicompanion.googleapis.com [none]
[debug] [2026-01-10T08:02:25.379Z] >>> [apiv2][(partial)header] GET https://serviceusage.googleapis.com/v1/projects/jalsakti/services/cloudaicompanion.googleapis.com x-goog-quota-user=projects/jalsakti
[debug] [2026-01-10T08:02:27.421Z] <<< [apiv2][status] GET https://serviceusage.googleapis.com/v1/projects/jalsakti/services/cloudaicompanion.googleapis.com 200
[debug] [2026-01-10T08:02:27.421Z] <<< [apiv2][body] GET https://serviceusage.googleapis.com/v1/projects/jalsakti/services/cloudaicompanion.googleapis.com [omitted]
[info] +  : required API cloudaicompanion.googleapis.com is enabled 
[debug] [2026-01-10T08:04:36.239Z] ExitPromptError: User force closed the prompt with SIGINT
    at Interface.sigint (C:\Users\morer\AppData\Roaming\npm\node_modules\firebase-tools\node_modules\@inquirer\core\dist\commonjs\lib\create-prompt.js:101:37)
    at Interface.emit (node:events:518:28)
    at [_ttyWrite] [as _ttyWrite] (node:internal/readline/interface:1128:18)
    at ReadStream.onkeypress (node:internal/readline/interface:267:20)
    at ReadStream.emit (node:events:530:35)
    at emitKeys (node:internal/readline/utils:370:14)
    at emitKeys.next (<anonymous>)
    at ReadStream.onData (node:internal/readline/emitKeypressEvents:64:36)
    at ReadStream.emit (node:events:518:28)
    at addChunk (node:internal/streams/readable:561:12)
[error] 
[error] Error: An unexpected error has occurred.
